<?xml version="1.0" encoding="UTF-8"?>
<!-- Generated by org.testng.reporters.JUnitReportReporter -->
<testsuite hostname="LAPTOP-0VNVDE1H" failures="0" tests="1" name="Docker.chrometest2" time="10.017" errors="0" timestamp="2023-12-23T01:09:04 IST" skipped="0">
  <testcase classname="Docker.chrometest2" name="test2" time="10.017"/>
</testsuite> <!-- Docker.chrometest2 -->
