<?xml version="1.0" encoding="UTF-8"?>
<!-- Generated by org.testng.reporters.JUnitReportReporter -->
<testsuite hostname="LAPTOP-0VNVDE1H" failures="0" tests="1" name="Docker.DockerwithChrome" time="9.175" errors="0" timestamp="2023-12-23T12:51:17 IST" skipped="0">
  <testcase classname="Docker.DockerwithChrome" name="Firefoxtest" time="9.175"/>
</testsuite> <!-- Docker.DockerwithChrome -->
