<?xml version="1.0" encoding="UTF-8"?>
<!-- Generated by org.testng.reporters.JUnitReportReporter -->
<testsuite hostname="LAPTOP-0VNVDE1H" failures="0" tests="2" name="Docker.setup_docker_grid" time="21.069" errors="0" timestamp="2023-12-23T12:06:48 IST" skipped="0">
  <testcase classname="Docker.setup_docker_grid" name="startdockergrid" time="15.025"/>
  <testcase classname="Docker.setup_docker_grid" name="stopdockergrid" time="6.044"/>
</testsuite> <!-- Docker.setup_docker_grid -->
