<?xml version="1.0" encoding="UTF-8"?>
<!-- Generated by org.testng.reporters.JUnitReportReporter -->
<testsuite hostname="LAPTOP-0VNVDE1H" failures="0" tests="1" name="Docker.chromeTest1" time="4.009" errors="0" timestamp="2023-12-23T13:11:18 IST" skipped="0">
  <testcase classname="Docker.chromeTest1" name="test1" time="4.009"/>
</testsuite> <!-- Docker.chromeTest1 -->
